TN:
SF:/home/avpaul/DevProjects/politico/app.js
FNF:0
FNH:0
DA:1,1
DA:2,1
DA:4,1
DA:5,1
DA:7,1
DA:9,1
DA:10,1
DA:11,1
DA:13,1
DA:14,1
DA:16,1
LF:11
LH:11
BRF:0
BRH:0
end_of_record
TN:
SF:/home/avpaul/DevProjects/politico/server/config/db.js
FNF:0
FNH:0
DA:5,1
DA:6,1
DA:8,1
DA:9,1
LF:4
LH:4
BRF:0
BRH:0
end_of_record
TN:
SF:/home/avpaul/DevProjects/politico/server/controllers/offices.js
FN:4,(anonymous_0)
FN:43,(anonymous_1)
FN:63,(anonymous_2)
FNF:3
FNH:3
FNDA:1,(anonymous_0)
FNDA:2,(anonymous_1)
FNDA:1,(anonymous_2)
DA:1,1
DA:2,1
DA:4,1
DA:5,1
DA:6,1
DA:7,0
DA:8,0
DA:9,0
DA:11,0
DA:12,0
DA:14,0
DA:18,0
DA:20,1
DA:21,0
DA:25,0
DA:28,1
DA:29,1
DA:30,0
DA:34,0
DA:36,1
DA:43,1
DA:44,2
DA:45,2
DA:46,1
DA:47,1
DA:54,1
DA:56,1
DA:57,1
DA:63,1
DA:64,1
DA:65,1
DA:66,1
LF:32
LH:21
BRDA:6,0,0,0
BRDA:6,0,1,1
BRDA:8,1,0,0
BRDA:8,1,1,0
BRDA:11,2,0,0
BRDA:11,2,1,0
BRDA:20,3,0,0
BRDA:20,3,1,1
BRDA:20,4,0,1
BRDA:20,4,1,1
BRDA:29,5,0,0
BRDA:29,5,1,1
BRDA:45,6,0,1
BRDA:45,6,1,1
BRF:14
BRH:7
end_of_record
TN:
SF:/home/avpaul/DevProjects/politico/server/controllers/parties.js
FN:4,(anonymous_0)
FN:43,(anonymous_1)
FN:61,(anonymous_2)
FN:91,(anonymous_3)
FN:134,(anonymous_4)
FN:154,(anonymous_5)
FNF:6
FNH:6
FNDA:2,(anonymous_0)
FNDA:2,(anonymous_1)
FNDA:2,(anonymous_2)
FNDA:1,(anonymous_3)
FNDA:2,(anonymous_4)
FNDA:1,(anonymous_5)
DA:1,1
DA:2,1
DA:4,1
DA:5,2
DA:6,2
DA:7,1
DA:8,1
DA:9,1
DA:11,1
DA:12,0
DA:14,1
DA:18,1
DA:20,1
DA:21,0
DA:25,0
DA:28,1
DA:29,1
DA:30,0
DA:34,0
DA:36,1
DA:43,1
DA:44,2
DA:45,2
DA:46,1
DA:53,1
DA:54,1
DA:61,1
DA:62,2
DA:63,2
DA:64,1
DA:65,1
DA:69,1
DA:71,1
DA:72,1
DA:73,0
DA:78,1
DA:79,0
DA:83,0
DA:85,1
DA:91,1
DA:92,1
DA:93,1
DA:94,0
DA:95,0
DA:96,0
DA:98,0
DA:99,0
DA:101,0
DA:105,0
DA:107,1
DA:108,0
DA:112,0
DA:115,1
DA:121,1
DA:122,0
DA:126,0
DA:128,1
DA:134,1
DA:135,2
DA:136,2
DA:137,1
DA:138,1
DA:145,1
DA:147,1
DA:148,1
DA:154,1
DA:155,1
DA:156,1
DA:157,1
LF:69
LH:50
BRDA:6,0,0,1
BRDA:6,0,1,1
BRDA:8,1,0,1
BRDA:8,1,1,0
BRDA:11,2,0,0
BRDA:11,2,1,1
BRDA:20,3,0,0
BRDA:20,3,1,1
BRDA:29,4,0,0
BRDA:29,4,1,1
BRDA:45,5,0,1
BRDA:45,5,1,1
BRDA:63,6,0,1
BRDA:63,6,1,1
BRDA:72,7,0,0
BRDA:72,7,1,1
BRDA:78,8,0,0
BRDA:78,8,1,1
BRDA:93,9,0,0
BRDA:93,9,1,1
BRDA:95,10,0,0
BRDA:95,10,1,0
BRDA:98,11,0,0
BRDA:98,11,1,0
BRDA:107,12,0,0
BRDA:107,12,1,1
BRDA:121,13,0,0
BRDA:121,13,1,1
BRDA:122,14,0,0
BRDA:122,14,1,0
BRDA:123,15,0,0
BRDA:123,15,1,0
BRDA:136,16,0,1
BRDA:136,16,1,1
BRF:34
BRH:17
end_of_record
TN:
SF:/home/avpaul/DevProjects/politico/server/helpers/validator.js
FN:4,(anonymous_0)
FN:8,(anonymous_1)
FN:26,(anonymous_2)
FNF:3
FNH:3
FNDA:6,(anonymous_0)
FNDA:17,(anonymous_1)
FNDA:4,(anonymous_2)
DA:5,6
DA:6,6
DA:7,6
DA:8,6
DA:10,17
DA:11,17
DA:12,12
DA:14,17
DA:15,5
DA:16,5
DA:18,17
DA:19,0
DA:20,0
DA:23,6
DA:27,4
DA:28,4
DA:32,1
LF:17
LH:15
BRDA:11,0,0,12
BRDA:11,0,1,5
BRDA:14,1,0,5
BRDA:14,1,1,12
BRDA:18,2,0,0
BRDA:18,2,1,17
BRDA:18,3,0,17
BRDA:18,3,1,12
BRF:8
BRH:7
end_of_record
TN:
SF:/home/avpaul/DevProjects/politico/server/models/offices.js
FN:2,(anonymous_0)
FN:6,(anonymous_1)
FN:7,(anonymous_2)
FN:16,(anonymous_3)
FN:23,(anonymous_4)
FN:24,(anonymous_5)
FN:31,(anonymous_6)
FNF:7
FNH:6
FNDA:1,(anonymous_0)
FNDA:1,(anonymous_1)
FNDA:0,(anonymous_2)
FNDA:1,(anonymous_3)
FNDA:2,(anonymous_4)
FNDA:2,(anonymous_5)
FNDA:1,(anonymous_6)
DA:3,1
DA:7,1
DA:8,1
DA:9,0
DA:13,1
DA:14,1
DA:15,1
DA:16,1
DA:17,1
DA:24,2
DA:25,2
DA:26,1
DA:28,1
DA:32,1
DA:36,1
LF:15
LH:14
BRDA:8,0,0,0
BRDA:8,0,1,1
BRDA:14,1,0,1
BRDA:14,1,1,0
BRDA:25,2,0,1
BRDA:25,2,1,1
BRF:6
BRH:4
end_of_record
TN:
SF:/home/avpaul/DevProjects/politico/server/models/party.js
FN:2,(anonymous_0)
FN:6,(anonymous_1)
FN:7,(anonymous_2)
FN:16,(anonymous_3)
FN:23,(anonymous_4)
FN:24,(anonymous_5)
FN:30,(anonymous_6)
FN:45,(anonymous_7)
FN:46,(anonymous_8)
FN:54,(anonymous_9)
FN:55,(anonymous_10)
FN:62,(anonymous_11)
FN:66,(anonymous_12)
FN:67,(anonymous_13)
FN:71,(anonymous_14)
FNF:15
FNH:14
FNDA:1,(anonymous_0)
FNDA:1,(anonymous_1)
FNDA:0,(anonymous_2)
FNDA:1,(anonymous_3)
FNDA:1,(anonymous_4)
FNDA:1,(anonymous_5)
FNDA:1,(anonymous_6)
FNDA:2,(anonymous_7)
FNDA:1,(anonymous_8)
FNDA:2,(anonymous_9)
FNDA:2,(anonymous_10)
FNDA:1,(anonymous_11)
FNDA:1,(anonymous_12)
FNDA:1,(anonymous_13)
FNDA:1,(anonymous_14)
DA:3,1
DA:7,1
DA:8,1
DA:9,0
DA:13,1
DA:14,1
DA:15,1
DA:16,1
DA:17,1
DA:24,1
DA:25,1
DA:26,0
DA:30,1
DA:31,1
DA:32,0
DA:37,1
DA:38,1
DA:39,1
DA:46,2
DA:47,2
DA:48,1
DA:49,1
DA:51,1
DA:55,2
DA:56,2
DA:57,1
DA:59,1
DA:63,1
DA:67,1
DA:68,1
DA:69,0
DA:71,1
DA:72,1
DA:73,0
DA:78,1
DA:79,1
DA:86,1
LF:37
LH:32
BRDA:8,0,0,0
BRDA:8,0,1,1
BRDA:14,1,0,1
BRDA:14,1,1,0
BRDA:25,2,0,0
BRDA:25,2,1,1
BRDA:31,3,0,0
BRDA:31,3,1,1
BRDA:47,4,0,1
BRDA:47,4,1,1
BRDA:56,5,0,1
BRDA:56,5,1,1
BRDA:68,6,0,0
BRDA:68,6,1,1
BRDA:72,7,0,0
BRDA:72,7,1,1
BRF:16
BRH:10
end_of_record
TN:
SF:/home/avpaul/DevProjects/politico/server/routes/api.js
FNF:0
FNH:0
DA:2,1
DA:3,1
DA:4,1
DA:6,1
DA:8,1
DA:9,1
DA:10,1
DA:11,1
DA:12,1
DA:13,1
DA:14,1
DA:15,1
DA:16,1
DA:18,1
LF:14
LH:14
BRF:0
BRH:0
end_of_record
TN:
SF:/home/avpaul/DevProjects/politico/server/routes/index.js
FN:5,(anonymous_0)
FN:8,(anonymous_1)
FN:12,(anonymous_2)
FN:16,(anonymous_3)
FN:20,(anonymous_4)
FN:24,(anonymous_5)
FN:27,(anonymous_6)
FN:31,(anonymous_7)
FN:35,(anonymous_8)
FN:39,(anonymous_9)
FN:43,(anonymous_10)
FN:47,(anonymous_11)
FN:50,(anonymous_12)
FN:54,(anonymous_13)
FN:58,(anonymous_14)
FN:62,(anonymous_15)
FN:65,(anonymous_16)
FNF:17
FNH:0
FNDA:0,(anonymous_0)
FNDA:0,(anonymous_1)
FNDA:0,(anonymous_2)
FNDA:0,(anonymous_3)
FNDA:0,(anonymous_4)
FNDA:0,(anonymous_5)
FNDA:0,(anonymous_6)
FNDA:0,(anonymous_7)
FNDA:0,(anonymous_8)
FNDA:0,(anonymous_9)
FNDA:0,(anonymous_10)
FNDA:0,(anonymous_11)
FNDA:0,(anonymous_12)
FNDA:0,(anonymous_13)
FNDA:0,(anonymous_14)
FNDA:0,(anonymous_15)
FNDA:0,(anonymous_16)
DA:1,1
DA:3,1
DA:5,1
DA:6,0
DA:8,1
DA:9,0
DA:12,1
DA:13,0
DA:16,1
DA:17,0
DA:20,1
DA:21,0
DA:24,1
DA:25,0
DA:27,1
DA:28,0
DA:31,1
DA:32,0
DA:35,1
DA:36,0
DA:39,1
DA:40,0
DA:43,1
DA:44,0
DA:47,1
DA:48,0
DA:50,1
DA:51,0
DA:54,1
DA:55,0
DA:58,1
DA:59,0
DA:62,1
DA:63,0
DA:65,1
DA:66,0
DA:69,1
LF:37
LH:20
BRF:0
BRH:0
end_of_record
