TN:
SF:/home/avpaul/DevProjects/politico-api/app.js
FN:26,(anonymous_0)
FN:31,(anonymous_1)
FNF:2
FNH:0
FNDA:0,(anonymous_0)
FNDA:0,(anonymous_1)
DA:1,1
DA:2,1
DA:3,1
DA:4,1
DA:5,1
DA:7,1
DA:8,1
DA:10,1
DA:13,1
DA:14,1
DA:16,1
DA:17,1
DA:18,1
DA:19,1
DA:20,1
DA:22,1
DA:23,1
DA:26,1
DA:27,0
DA:31,1
DA:33,0
DA:34,0
DA:37,0
DA:38,0
DA:41,1
LF:25
LH:20
BRDA:34,0,0,0
BRDA:34,0,1,0
BRDA:37,1,0,0
BRDA:37,1,1,0
BRF:4
BRH:0
end_of_record
TN:
SF:/home/avpaul/DevProjects/politico-api/config/db.js
FNF:0
FNH:0
DA:5,1
DA:6,1
DA:8,1
DA:9,1
LF:4
LH:4
BRF:0
BRH:0
end_of_record
TN:
SF:/home/avpaul/DevProjects/politico-api/controllers/offices.js
FN:3,(anonymous_0)
FN:26,(anonymous_1)
FN:46,(anonymous_2)
FNF:3
FNH:3
FNDA:1,(anonymous_0)
FNDA:2,(anonymous_1)
FNDA:1,(anonymous_2)
DA:1,1
DA:3,1
DA:4,1
DA:5,1
DA:10,1
DA:11,0
DA:12,0
DA:16,0
DA:18,1
DA:19,1
DA:20,1
DA:26,1
DA:27,2
DA:28,2
DA:29,2
DA:30,1
DA:31,1
DA:35,1
DA:37,1
DA:38,1
DA:46,1
DA:47,1
DA:48,1
DA:49,1
DA:50,0
DA:51,0
DA:55,0
DA:57,1
DA:58,1
LF:29
LH:23
BRDA:10,0,0,0
BRDA:10,0,1,1
BRDA:10,1,0,1
BRDA:10,1,1,1
BRDA:29,2,0,1
BRDA:29,2,1,1
BRDA:47,3,0,0
BRDA:47,3,1,1
BRDA:49,4,0,0
BRDA:49,4,1,1
BRF:10
BRH:7
end_of_record
TN:
SF:/home/avpaul/DevProjects/politico-api/controllers/parties.js
FN:3,checkRequired
FN:15,(anonymous_1)
FN:33,(anonymous_2)
FN:53,(anonymous_3)
FN:72,(anonymous_4)
FN:90,(anonymous_5)
FN:110,(anonymous_6)
FNF:7
FNH:7
FNDA:3,checkRequired
FNDA:2,(anonymous_1)
FNDA:2,(anonymous_2)
FNDA:2,(anonymous_3)
FNDA:1,(anonymous_4)
FNDA:2,(anonymous_5)
FNDA:1,(anonymous_6)
DA:1,1
DA:4,3
DA:5,1
DA:6,1
DA:10,1
DA:12,2
DA:15,1
DA:16,2
DA:17,2
DA:19,1
DA:26,1
DA:27,1
DA:33,1
DA:34,2
DA:35,2
DA:36,2
DA:37,1
DA:38,1
DA:45,1
DA:46,1
DA:53,1
DA:54,2
DA:55,2
DA:56,2
DA:57,1
DA:58,1
DA:62,1
DA:64,1
DA:65,1
DA:66,1
DA:72,1
DA:73,1
DA:74,1
DA:75,1
DA:77,1
DA:83,1
DA:84,1
DA:90,1
DA:91,2
DA:92,2
DA:93,2
DA:94,1
DA:95,1
DA:101,1
DA:103,1
DA:104,1
DA:110,1
DA:111,1
DA:112,1
DA:113,1
DA:114,1
DA:115,1
DA:119,1
DA:121,0
DA:122,0
LF:55
LH:53
BRDA:4,0,0,1
BRDA:4,0,1,2
BRDA:4,1,0,3
BRDA:4,1,1,2
BRDA:4,1,2,2
BRDA:17,2,0,1
BRDA:17,2,1,1
BRDA:36,3,0,1
BRDA:36,3,1,1
BRDA:56,4,0,1
BRDA:56,4,1,1
BRDA:75,5,0,0
BRDA:75,5,1,1
BRDA:93,6,0,1
BRDA:93,6,1,1
BRDA:111,7,0,0
BRDA:111,7,1,1
BRDA:113,8,0,1
BRDA:113,8,1,0
BRF:19
BRH:16
end_of_record
TN:
SF:/home/avpaul/DevProjects/politico-api/models/offices.js
FN:2,(anonymous_0)
FN:6,(anonymous_1)
FN:18,(anonymous_2)
FN:26,(anonymous_3)
FNF:4
FNH:4
FNDA:1,(anonymous_0)
FNDA:1,(anonymous_1)
FNDA:2,(anonymous_2)
FNDA:1,(anonymous_3)
DA:3,1
DA:7,1
DA:8,1
DA:9,1
DA:10,1
DA:11,1
DA:19,2
DA:20,2
DA:21,1
DA:23,1
DA:27,1
DA:28,1
DA:30,0
DA:31,0
DA:32,0
DA:33,0
DA:35,0
DA:39,1
LF:18
LH:13
BRDA:20,0,0,1
BRDA:20,0,1,1
BRDA:27,1,0,1
BRDA:27,1,1,0
BRDA:30,2,0,0
BRDA:30,2,1,0
BRDA:33,3,0,0
BRDA:33,3,1,0
BRF:8
BRH:3
end_of_record
TN:
SF:/home/avpaul/DevProjects/politico-api/models/party.js
FN:2,(anonymous_0)
FN:6,(anonymous_1)
FN:16,(anonymous_2)
FN:30,(anonymous_3)
FN:34,(anonymous_4)
FN:41,(anonymous_5)
FN:49,(anonymous_6)
FN:61,(anonymous_7)
FNF:8
FNH:8
FNDA:1,(anonymous_0)
FNDA:1,(anonymous_1)
FNDA:1,(anonymous_2)
FNDA:2,(anonymous_3)
FNDA:1,(anonymous_4)
FNDA:2,(anonymous_5)
FNDA:1,(anonymous_6)
FNDA:1,(anonymous_7)
DA:3,1
DA:7,1
DA:8,1
DA:9,1
DA:10,1
DA:17,1
DA:18,0
DA:22,1
DA:23,1
DA:24,1
DA:31,2
DA:33,2
DA:34,1
DA:35,1
DA:36,1
DA:38,1
DA:42,2
DA:43,2
DA:44,1
DA:46,1
DA:50,1
DA:51,1
DA:53,0
DA:54,0
DA:55,0
DA:56,0
DA:58,0
DA:62,1
DA:63,0
DA:67,1
DA:68,1
DA:75,1
LF:32
LH:25
BRDA:17,0,0,0
BRDA:17,0,1,1
BRDA:33,1,0,1
BRDA:33,1,1,1
BRDA:43,2,0,1
BRDA:43,2,1,1
BRDA:50,3,0,1
BRDA:50,3,1,0
BRDA:53,4,0,0
BRDA:53,4,1,0
BRDA:56,5,0,0
BRDA:56,5,1,0
BRDA:62,6,0,0
BRDA:62,6,1,1
BRF:14
BRH:7
end_of_record
TN:
SF:/home/avpaul/DevProjects/politico-api/routes/index.js
FNF:0
FNH:0
DA:2,1
DA:3,1
DA:4,1
DA:6,1
DA:8,1
DA:9,1
DA:10,1
DA:11,1
DA:12,1
DA:13,1
DA:14,1
DA:15,1
DA:16,1
DA:18,1
LF:14
LH:14
BRF:0
BRH:0
end_of_record
TN:
SF:/home/avpaul/DevProjects/politico-api/routes/users.js
FNF:0
FNH:0
DA:1,1
DA:2,1
DA:5,1
DA:7,1
LF:4
LH:4
BRF:0
BRH:0
end_of_record
